# JRE version: OpenJDK Runtime Environment (11.0.2+9) (build 11.0.2+9)
# Java VM: OpenJDK 64-Bit Server VM (11.0.2+9, mixed mode, tiered, compressed oops, g1 gc, windows-amd64)
Heap:
 garbage-first heap   total 405504K, used 195010K [0x0000000700e00000, 0x0000000800000000)
  region size 1024K, 64 young (65536K), 10 survivors (10240K)
 Metaspace       used 77490K, capacity 81663K, committed 81992K, reserved 1120256K
  class space    used 9505K, capacity 10947K, committed 11084K, reserved 1048576K
GC Heap History (10 events):
Event: 1852.068 GC heap before
{Heap before GC invocations=56 (full 0):
 garbage-first heap   total 405504K, used 319156K [0x0000000700e00000, 0x0000000800000000)
  region size 1024K, 193 young (197632K), 13 survivors (13312K)
 Metaspace       used 77235K, capacity 81364K, committed 81736K, reserved 1120256K
  class space    used 9478K, capacity 10918K, committed 11084K, reserved 1048576K
}
Event: 1852.093 GC heap after
{Heap after GC invocations=57 (full 0):
 garbage-first heap   total 405504K, used 131202K [0x0000000700e00000, 0x0000000800000000)
  region size 1024K, 9 young (9216K), 9 survivors (9216K)
 Metaspace       used 77235K, capacity 81364K, committed 81736K, reserved 1120256K
  class space    used 9478K, capacity 10918K, committed 11084K, reserved 1048576K
}
Event: 1921.766 GC heap before
{Heap before GC invocations=57 (full 0):
 garbage-first heap   total 405504K, used 320642K [0x0000000700e00000, 0x0000000800000000)
  region size 1024K, 195 young (199680K), 9 survivors (9216K)
 Metaspace       used 77315K, capacity 81470K, committed 81736K, reserved 1120256K
  class space    used 9485K, capacity 10926K, committed 11084K, reserved 1048576K
}
Event: 1921.789 GC heap after
{Heap after GC invocations=58 (full 0):
 garbage-first heap   total 405504K, used 136322K [0x0000000700e00000, 0x0000000800000000)
  region size 1024K, 14 young (14336K), 14 survivors (14336K)
 Metaspace       used 77315K, capacity 81470K, committed 81736K, reserved 1120256K
  class space    used 9485K, capacity 10926K, committed 11084K, reserved 1048576K
}
Event: 1983.875 GC heap before
{Heap before GC invocations=58 (full 0):
 garbage-first heap   total 405504K, used 321666K [0x0000000700e00000, 0x0000000800000000)
  region size 1024K, 195 young (199680K), 14 survivors (14336K)
 Metaspace       used 77403K, capacity 81561K, committed 81736K, reserved 1120256K
  class space    used 9496K, capacity 10935K, committed 11084K, reserved 1048576K
}
Event: 1983.906 GC heap after
{Heap after GC invocations=59 (full 0):
 garbage-first heap   total 405504K, used 138625K [0x0000000700e00000, 0x0000000800000000)
  region size 1024K, 16 young (16384K), 16 survivors (16384K)
 Metaspace       used 77403K, capacity 81561K, committed 81736K, reserved 1120256K
  class space    used 9496K, capacity 10935K, committed 11084K, reserved 1048576K
}
Event: 2010.830 GC heap before
{Heap before GC invocations=59 (full 0):
 garbage-first heap   total 405504K, used 320897K [0x0000000700e00000, 0x0000000800000000)
  region size 1024K, 194 young (198656K), 16 survivors (16384K)
 Metaspace       used 77439K, capacity 81574K, committed 81736K, reserved 1120256K
  class space    used 9499K, capacity 10939K, committed 11084K, reserved 1048576K
}
Event: 2010.870 GC heap after
{Heap after GC invocations=60 (full 0):
 garbage-first heap   total 405504K, used 148261K [0x0000000700e00000, 0x0000000800000000)
  region size 1024K, 18 young (18432K), 18 survivors (18432K)
 Metaspace       used 77439K, capacity 81574K, committed 81736K, reserved 1120256K
  class space    used 9499K, capacity 10939K, committed 11084K, reserved 1048576K
}
Event: 2060.652 GC heap before
{Heap before GC invocations=60 (full 0):
 garbage-first heap   total 405504K, used 317221K [0x0000000700e00000, 0x0000000800000000)
  region size 1024K, 184 young (188416K), 18 survivors (18432K)
 Metaspace       used 77488K, capacity 81663K, committed 81992K, reserved 1120256K
  class space    used 9505K, capacity 10947K, committed 11084K, reserved 1048576K
}
Event: 2060.671 GC heap after
{Heap after GC invocations=61 (full 0):
 garbage-first heap   total 405504K, used 141762K [0x0000000700e00000, 0x0000000800000000)
  region size 1024K, 10 young (10240K), 10 survivors (10240K)
 Metaspace       used 77488K, capacity 81663K, committed 81992K, reserved 1120256K
  class space    used 9505K, capacity 10947K, committed 11084K, reserved 1048576K
}

