# JRE version: OpenJDK Runtime Environment (11.0.2+9) (build 11.0.2+9)
# Java VM: OpenJDK 64-Bit Server VM (11.0.2+9, mixed mode, tiered, compressed oops, g1 gc, windows-amd64)
Heap:
 garbage-first heap   total 419840K, used 200529K [0x0000000700e00000, 0x0000000800000000)
  region size 1024K, 129 young (132096K), 26 survivors (26624K)
 Metaspace       used 71674K, capacity 74965K, committed 75048K, reserved 1114112K
  class space    used 9261K, capacity 10671K, committed 10700K, reserved 1048576K
GC Heap History (10 events):
Event: 7.456 GC heap before
{Heap before GC invocations=10 (full 0):
 garbage-first heap   total 329728K, used 123758K [0x0000000700e00000, 0x0000000800000000)
  region size 1024K, 98 young (100352K), 4 survivors (4096K)
 Metaspace       used 60466K, capacity 62875K, committed 63016K, reserved 1103872K
  class space    used 8043K, capacity 9108K, committed 9164K, reserved 1048576K
}
Event: 7.487 GC heap after
{Heap after GC invocations=11 (full 0):
 garbage-first heap   total 329728K, used 42081K [0x0000000700e00000, 0x0000000800000000)
  region size 1024K, 13 young (13312K), 13 survivors (13312K)
 Metaspace       used 60466K, capacity 62875K, committed 63016K, reserved 1103872K
  class space    used 8043K, capacity 9108K, committed 9164K, reserved 1048576K
}
Event: 8.062 GC heap before
{Heap before GC invocations=12 (full 0):
 garbage-first heap   total 329728K, used 225377K [0x0000000700e00000, 0x0000000800000000)
  region size 1024K, 193 young (197632K), 13 survivors (13312K)
 Metaspace       used 61143K, capacity 63683K, committed 63912K, reserved 1103872K
  class space    used 8115K, capacity 9205K, committed 9292K, reserved 1048576K
}
Event: 8.105 GC heap after
{Heap after GC invocations=13 (full 0):
 garbage-first heap   total 419840K, used 47874K [0x0000000700e00000, 0x0000000800000000)
  region size 1024K, 19 young (19456K), 19 survivors (19456K)
 Metaspace       used 61143K, capacity 63683K, committed 63912K, reserved 1103872K
  class space    used 8115K, capacity 9205K, committed 9292K, reserved 1048576K
}
Event: 9.796 GC heap before
{Heap before GC invocations=13 (full 0):
 garbage-first heap   total 419840K, used 251650K [0x0000000700e00000, 0x0000000800000000)
  region size 1024K, 218 young (223232K), 19 survivors (19456K)
 Metaspace       used 66902K, capacity 69995K, committed 70184K, reserved 1110016K
  class space    used 9089K, capacity 10414K, committed 10444K, reserved 1048576K
}
Event: 9.830 GC heap after
{Heap after GC invocations=14 (full 0):
 garbage-first heap   total 419840K, used 49299K [0x0000000700e00000, 0x0000000800000000)
  region size 1024K, 10 young (10240K), 10 survivors (10240K)
 Metaspace       used 66902K, capacity 69995K, committed 70184K, reserved 1110016K
  class space    used 9089K, capacity 10414K, committed 10444K, reserved 1048576K
}
Event: 21.026 GC heap before
{Heap before GC invocations=14 (full 0):
 garbage-first heap   total 419840K, used 289939K [0x0000000700e00000, 0x0000000800000000)
  region size 1024K, 246 young (251904K), 10 survivors (10240K)
 Metaspace       used 70450K, capacity 73655K, committed 73896K, reserved 1112064K
  class space    used 9225K, capacity 10569K, committed 10572K, reserved 1048576K
}
Event: 21.071 GC heap after
{Heap after GC invocations=15 (full 0):
 garbage-first heap   total 419840K, used 73477K [0x0000000700e00000, 0x0000000800000000)
  region size 1024K, 31 young (31744K), 31 survivors (31744K)
 Metaspace       used 70450K, capacity 73655K, committed 73896K, reserved 1112064K
  class space    used 9225K, capacity 10569K, committed 10572K, reserved 1048576K
}
Event: 42.175 GC heap before
{Heap before GC invocations=15 (full 0):
 garbage-first heap   total 419840K, used 292613K [0x0000000700e00000, 0x0000000800000000)
  region size 1024K, 246 young (251904K), 31 survivors (31744K)
 Metaspace       used 71191K, capacity 74385K, committed 74536K, reserved 1114112K
  class space    used 9230K, capacity 10575K, committed 10700K, reserved 1048576K
}
Event: 42.268 GC heap after
{Heap after GC invocations=16 (full 0):
 garbage-first heap   total 419840K, used 97105K [0x0000000700e00000, 0x0000000800000000)
  region size 1024K, 26 young (26624K), 26 survivors (26624K)
 Metaspace       used 71191K, capacity 74385K, committed 74536K, reserved 1114112K
  class space    used 9230K, capacity 10575K, committed 10700K, reserved 1048576K
}

