# JRE version: OpenJDK Runtime Environment (11.0.2+9) (build 11.0.2+9)
# Java VM: OpenJDK 64-Bit Server VM (11.0.2+9, mixed mode, tiered, compressed oops, g1 gc, windows-amd64)
Heap:
 garbage-first heap   total 394240K, used 159092K [0x0000000700e00000, 0x0000000800000000)
  region size 1024K, 77 young (78848K), 24 survivors (24576K)
 Metaspace       used 72490K, capacity 75839K, committed 76112K, reserved 1114112K
  class space    used 9315K, capacity 10735K, committed 10832K, reserved 1048576K
GC Heap History (10 events):
Event: 9.398 GC heap before
{Heap before GC invocations=11 (full 0):
 garbage-first heap   total 315392K, used 204800K [0x0000000700e00000, 0x0000000800000000)
  region size 1024K, 172 young (176128K), 14 survivors (14336K)
 Metaspace       used 65015K, capacity 67800K, committed 68048K, reserved 1107968K
  class space    used 8693K, capacity 9913K, committed 9936K, reserved 1048576K
}
Event: 9.432 GC heap after
{Heap after GC invocations=12 (full 0):
 garbage-first heap   total 394240K, used 51832K [0x0000000700e00000, 0x0000000800000000)
  region size 1024K, 8 young (8192K), 8 survivors (8192K)
 Metaspace       used 65015K, capacity 67800K, committed 68048K, reserved 1107968K
  class space    used 8693K, capacity 9913K, committed 9936K, reserved 1048576K
}
Event: 10.102 GC heap before
{Heap before GC invocations=12 (full 0):
 garbage-first heap   total 394240K, used 241272K [0x0000000700e00000, 0x0000000800000000)
  region size 1024K, 193 young (197632K), 8 survivors (8192K)
 Metaspace       used 65508K, capacity 68280K, committed 68304K, reserved 1107968K
  class space    used 8723K, capacity 9922K, committed 9936K, reserved 1048576K
}
Event: 10.116 GC heap after
{Heap after GC invocations=13 (full 0):
 garbage-first heap   total 394240K, used 51064K [0x0000000700e00000, 0x0000000800000000)
  region size 1024K, 7 young (7168K), 7 survivors (7168K)
 Metaspace       used 65508K, capacity 68280K, committed 68304K, reserved 1107968K
  class space    used 8723K, capacity 9922K, committed 9936K, reserved 1048576K
}
Event: 33.548 GC heap before
{Heap before GC invocations=13 (full 0):
 garbage-first heap   total 394240K, used 267128K [0x0000000700e00000, 0x0000000800000000)
  region size 1024K, 219 young (224256K), 7 survivors (7168K)
 Metaspace       used 70812K, capacity 74163K, committed 74192K, reserved 1112064K
  class space    used 9288K, capacity 10704K, committed 10704K, reserved 1048576K
}
Event: 33.589 GC heap after
{Heap after GC invocations=14 (full 0):
 garbage-first heap   total 394240K, used 72568K [0x0000000700e00000, 0x0000000800000000)
  region size 1024K, 28 young (28672K), 28 survivors (28672K)
 Metaspace       used 70812K, capacity 74163K, committed 74192K, reserved 1112064K
  class space    used 9288K, capacity 10704K, committed 10704K, reserved 1048576K
}
Event: 56.967 GC heap before
{Heap before GC invocations=14 (full 0):
 garbage-first heap   total 394240K, used 279416K [0x0000000700e00000, 0x0000000800000000)
  region size 1024K, 231 young (236544K), 28 survivors (28672K)
 Metaspace       used 71887K, capacity 75155K, committed 75344K, reserved 1114112K
  class space    used 9306K, capacity 10719K, committed 10832K, reserved 1048576K
}
Event: 57.034 GC heap after
{Heap after GC invocations=15 (full 0):
 garbage-first heap   total 394240K, used 88003K [0x0000000700e00000, 0x0000000800000000)
  region size 1024K, 24 young (24576K), 24 survivors (24576K)
 Metaspace       used 71887K, capacity 75155K, committed 75344K, reserved 1114112K
  class space    used 9306K, capacity 10719K, committed 10832K, reserved 1048576K
}
Event: 94.240 GC heap before
{Heap before GC invocations=15 (full 0):
 garbage-first heap   total 394240K, used 298947K [0x0000000700e00000, 0x0000000800000000)
  region size 1024K, 231 young (236544K), 24 survivors (24576K)
 Metaspace       used 72360K, capacity 75628K, committed 75856K, reserved 1114112K
  class space    used 9311K, capacity 10728K, committed 10832K, reserved 1048576K
}
Event: 94.321 GC heap after
{Heap after GC invocations=16 (full 0):
 garbage-first heap   total 394240K, used 106868K [0x0000000700e00000, 0x0000000800000000)
  region size 1024K, 24 young (24576K), 24 survivors (24576K)
 Metaspace       used 72360K, capacity 75628K, committed 75856K, reserved 1114112K
  class space    used 9311K, capacity 10728K, committed 10832K, reserved 1048576K
}

