# JRE version: OpenJDK Runtime Environment (11.0.2+9) (build 11.0.2+9)
# Java VM: OpenJDK 64-Bit Server VM (11.0.2+9, mixed mode, tiered, compressed oops, g1 gc, windows-amd64)
Heap:
 garbage-first heap   total 387072K, used 264516K [0x0000000700e00000, 0x0000000800000000)
  region size 1024K, 181 young (185344K), 8 survivors (8192K)
 Metaspace       used 72463K, capacity 75967K, committed 76188K, reserved 1114112K
  class space    used 9324K, capacity 10738K, committed 10752K, reserved 1048576K
GC Heap History (10 events):
Event: 20.826 GC heap before
{Heap before GC invocations=12 (full 0):
 garbage-first heap   total 387072K, used 257634K [0x0000000700e00000, 0x0000000800000000)
  region size 1024K, 226 young (231424K), 15 survivors (15360K)
 Metaspace       used 70284K, capacity 73620K, committed 73884K, reserved 1112064K
  class space    used 9288K, capacity 10702K, committed 10752K, reserved 1048576K
}
Event: 20.862 GC heap after
{Heap after GC invocations=13 (full 0):
 garbage-first heap   total 387072K, used 55906K [0x0000000700e00000, 0x0000000800000000)
  region size 1024K, 28 young (28672K), 28 survivors (28672K)
 Metaspace       used 70284K, capacity 73620K, committed 73884K, reserved 1112064K
  class space    used 9288K, capacity 10702K, committed 10752K, reserved 1048576K
}
Event: 190.200 GC heap before
{Heap before GC invocations=13 (full 0):
 garbage-first heap   total 387072K, used 257634K [0x0000000700e00000, 0x0000000800000000)
  region size 1024K, 226 young (231424K), 28 survivors (28672K)
 Metaspace       used 71497K, capacity 74903K, committed 75164K, reserved 1114112K
  class space    used 9315K, capacity 10735K, committed 10752K, reserved 1048576K
}
Event: 190.273 GC heap after
{Heap after GC invocations=14 (full 0):
 garbage-first heap   total 387072K, used 75912K [0x0000000700e00000, 0x0000000800000000)
  region size 1024K, 25 young (25600K), 25 survivors (25600K)
 Metaspace       used 71497K, capacity 74903K, committed 75164K, reserved 1114112K
  class space    used 9315K, capacity 10735K, committed 10752K, reserved 1048576K
}
Event: 265.759 GC heap before
{Heap before GC invocations=14 (full 0):
 garbage-first heap   total 387072K, used 280712K [0x0000000700e00000, 0x0000000800000000)
  region size 1024K, 226 young (231424K), 25 survivors (25600K)
 Metaspace       used 71962K, capacity 75304K, committed 75420K, reserved 1114112K
  class space    used 9322K, capacity 10737K, committed 10752K, reserved 1048576K
}
Event: 265.803 GC heap after
{Heap after GC invocations=15 (full 0):
 garbage-first heap   total 387072K, used 84869K [0x0000000700e00000, 0x0000000800000000)
  region size 1024K, 18 young (18432K), 18 survivors (18432K)
 Metaspace       used 71962K, capacity 75304K, committed 75420K, reserved 1114112K
  class space    used 9322K, capacity 10737K, committed 10752K, reserved 1048576K
}
Event: 284.335 GC heap before
{Heap before GC invocations=15 (full 0):
 garbage-first heap   total 387072K, used 291717K [0x0000000700e00000, 0x0000000800000000)
  region size 1024K, 221 young (226304K), 18 survivors (18432K)
 Metaspace       used 72109K, capacity 75565K, committed 75676K, reserved 1114112K
  class space    used 9323K, capacity 10737K, committed 10752K, reserved 1048576K
}
Event: 284.377 GC heap after
{Heap after GC invocations=16 (full 0):
 garbage-first heap   total 387072K, used 90948K [0x0000000700e00000, 0x0000000800000000)
  region size 1024K, 10 young (10240K), 10 survivors (10240K)
 Metaspace       used 72109K, capacity 75565K, committed 75676K, reserved 1114112K
  class space    used 9323K, capacity 10737K, committed 10752K, reserved 1048576K
}
Event: 298.806 GC heap before
{Heap before GC invocations=16 (full 0):
 garbage-first heap   total 387072K, used 296772K [0x0000000700e00000, 0x0000000800000000)
  region size 1024K, 211 young (216064K), 10 survivors (10240K)
 Metaspace       used 72181K, capacity 75576K, committed 75676K, reserved 1114112K
  class space    used 9324K, capacity 10738K, committed 10752K, reserved 1048576K
}
Event: 298.818 GC heap after
{Heap after GC invocations=17 (full 0):
 garbage-first heap   total 387072K, used 89412K [0x0000000700e00000, 0x0000000800000000)
  region size 1024K, 8 young (8192K), 8 survivors (8192K)
 Metaspace       used 72181K, capacity 75576K, committed 75676K, reserved 1114112K
  class space    used 9324K, capacity 10738K, committed 10752K, reserved 1048576K
}

